0 info it worked if it ends with ok
1 verbose cli [ 'node',
1 verbose cli   '/home/mlopez/.nvm/v0.10.28/bin/npm',
1 verbose cli   'install',
1 verbose cli   'require-domready',
1 verbose cli   '--save' ]
2 info using npm@1.4.10
3 info using node@v0.10.28
4 warn package.json HamlSassCoffeescript@0.0.0 No repository field.
5 verbose readDependencies using package.json deps
6 verbose cache add [ 'require-domready', null ]
7 verbose cache add name=undefined spec="require-domready" args=["require-domready",null]
8 verbose parsed url { protocol: null,
8 verbose parsed url   slashes: null,
8 verbose parsed url   auth: null,
8 verbose parsed url   host: null,
8 verbose parsed url   port: null,
8 verbose parsed url   hostname: null,
8 verbose parsed url   hash: null,
8 verbose parsed url   search: null,
8 verbose parsed url   query: null,
8 verbose parsed url   pathname: 'require-domready',
8 verbose parsed url   path: 'require-domready',
8 verbose parsed url   href: 'require-domready' }
9 silly lockFile 85bb9120-require-domready require-domready
10 verbose lock require-domready /home/mlopez/.npm/85bb9120-require-domready.lock
11 silly lockFile 85bb9120-require-domready require-domready
12 silly lockFile 85bb9120-require-domready require-domready
13 verbose addNamed [ 'require-domready', '' ]
14 verbose addNamed [ null, '*' ]
15 silly lockFile 67eb8b8e-require-domready require-domready@
16 verbose lock require-domready@ /home/mlopez/.npm/67eb8b8e-require-domready.lock
17 silly addNameRange { name: 'require-domready', range: '*', hasData: false }
18 verbose url raw require-domready
19 verbose url resolving [ 'https://registry.npmjs.org/', './require-domready' ]
20 verbose url resolved https://registry.npmjs.org/require-domready
21 info trying registry request attempt 1 at 22:29:45
22 http GET https://registry.npmjs.org/require-domready
23 http 404 https://registry.npmjs.org/require-domready
24 verbose headers { date: 'Wed, 16 Jul 2014 04:30:57 GMT',
24 verbose headers   server: 'CouchDB/1.5.0 (Erlang OTP/R14B04)',
24 verbose headers   'content-type': 'application/json',
24 verbose headers   'cache-control': 'max-age=0',
24 verbose headers   'content-length': '52',
24 verbose headers   'accept-ranges': 'bytes',
24 verbose headers   via: '1.1 varnish',
24 verbose headers   age: '0',
24 verbose headers   'x-served-by': 'cache-jfk1035-JFK',
24 verbose headers   'x-cache': 'MISS',
24 verbose headers   'x-cache-hits': '0',
24 verbose headers   'x-timer': 'S1405485057.863350,VS0,VE88',
24 verbose headers   'keep-alive': 'timeout=10, max=50',
24 verbose headers   connection: 'Keep-Alive' }
25 silly registry.get cb [ 404,
25 silly registry.get   { date: 'Wed, 16 Jul 2014 04:30:57 GMT',
25 silly registry.get     server: 'CouchDB/1.5.0 (Erlang OTP/R14B04)',
25 silly registry.get     'content-type': 'application/json',
25 silly registry.get     'cache-control': 'max-age=0',
25 silly registry.get     'content-length': '52',
25 silly registry.get     'accept-ranges': 'bytes',
25 silly registry.get     via: '1.1 varnish',
25 silly registry.get     age: '0',
25 silly registry.get     'x-served-by': 'cache-jfk1035-JFK',
25 silly registry.get     'x-cache': 'MISS',
25 silly registry.get     'x-cache-hits': '0',
25 silly registry.get     'x-timer': 'S1405485057.863350,VS0,VE88',
25 silly registry.get     'keep-alive': 'timeout=10, max=50',
25 silly registry.get     connection: 'Keep-Alive' } ]
26 silly lockFile 67eb8b8e-require-domready require-domready@
27 silly lockFile 67eb8b8e-require-domready require-domready@
28 error 404 404 Not Found: require-domready
28 error 404
28 error 404 'require-domready' is not in the npm registry.
28 error 404 You should bug the author to publish it
28 error 404 It was specified as a dependency of 'HamlSassCoffeescript'
28 error 404
28 error 404 Note that you can also install from a
28 error 404 tarball, folder, or http url, or git url.
29 error System Linux 3.13.0-30-generic
30 error command "node" "/home/mlopez/.nvm/v0.10.28/bin/npm" "install" "require-domready" "--save"
31 error cwd /home/mlopez/Development/JadeStylusCoffeescript
32 error node -v v0.10.28
33 error npm -v 1.4.10
34 error code E404
35 verbose exit [ 1, true ]
